<?xml version="1.0" encoding="UTF-8"?>
<!-- Generated by org.testng.reporters.JUnitReportReporter -->
<testsuite hostname="DESKTOP-1ACALON" failures="0" tests="1" name="testCases.Tc_002_LoginTest" time="8.260" errors="0" timestamp="2023-06-13T15:22:35 IST" skipped="0">
  <testcase classname="testCases.Tc_002_LoginTest" name="test_login" time="8.260"/>
  <system-out/>
</testsuite> <!-- testCases.Tc_002_LoginTest -->
