<?xml version="1.0" encoding="UTF-8"?>
<!-- Generated by org.testng.reporters.JUnitReportReporter -->
<testsuite hostname="DESKTOP-1ACALON" failures="0" tests="1" name="testCases.Tc_002_LoginTest" time="17.659" errors="0" timestamp="2023-06-16T13:42:32 IST" skipped="0">
  <testcase classname="testCases.Tc_002_LoginTest" name="test_login" time="17.659"/>
</testsuite> <!-- testCases.Tc_002_LoginTest -->
