<?xml version="1.0" encoding="UTF-8"?>
<!-- Generated by org.testng.reporters.JUnitReportReporter -->
<testsuite hostname="DESKTOP-1ACALON" failures="0" tests="1" name="testCases.TC_001_AccountRegistrationTest" time="5.747" errors="0" timestamp="2023-06-19T12:59:21 IST" skipped="0">
  <testcase classname="testCases.TC_001_AccountRegistrationTest" name="test_registrationaccount" time="5.747"/>
</testsuite> <!-- testCases.TC_001_AccountRegistrationTest -->
